Flow report for CPU5A
Wed Oct 09 16:42:35 2024
Quartus II Version 9.0 Build 132 02/25/2009 SJ Full Version


---------------------
; Table of Contents ;
---------------------
  1. Legal Notice
  2. Flow Summary
  3. Flow Settings
  4. Flow Non-Default Global Settings
  5. Flow Elapsed Time
  6. Flow OS Summary
  7. Flow Log



----------------
; Legal Notice ;
----------------
Copyright (C) 1991-2009 Altera Corporation
Your use of Altera Corporation's design tools, logic functions 
and other software and tools, and its AMPP partner logic 
functions, and any output files from any of the foregoing 
(including device programming or simulation files), and any 
associated documentation or information are expressly subject 
to the terms and conditions of the Altera Program License 
Subscription Agreement, Altera MegaCore Function License 
Agreement, or other applicable license agreement, including, 
without limitation, that your use is for the sole purpose of 
programming logic devices manufactured by Altera and sold by 
Altera or its authorized distributors.  Please refer to the 
applicable agreement for further details.



+-------------------------------------------------------------------------------+
; Flow Summary                                                                  ;
+------------------------------------+------------------------------------------+
; Flow Status                        ; Successful - Wed Oct 09 16:42:33 2024    ;
; Quartus II Version                 ; 9.0 Build 132 02/25/2009 SJ Full Version ;
; Revision Name                      ; CPU5A                                    ;
; Top-level Entity Name              ; CPU5A                                    ;
; Family                             ; Cyclone III                              ;
; Device                             ; EP3C40Q240C8                             ;
; Timing Models                      ; Final                                    ;
; Met timing requirements            ; N/A                                      ;
; Total logic elements               ; 949 / 39,600 ( 2 % )                     ;
;     Total combinational functions  ; 923 / 39,600 ( 2 % )                     ;
;     Dedicated logic registers      ; 188 / 39,600 ( < 1 % )                   ;
; Total registers                    ; 188                                      ;
; Total pins                         ; 20 / 129 ( 16 % )                        ;
; Total virtual pins                 ; 0                                        ;
; Total memory bits                  ; 3,584 / 1,161,216 ( < 1 % )              ;
; Embedded Multiplier 9-bit elements ; 0 / 252 ( 0 % )                          ;
; Total PLLs                         ; 1 / 4 ( 25 % )                           ;
+------------------------------------+------------------------------------------+


+-----------------------------------------+
; Flow Settings                           ;
+-------------------+---------------------+
; Option            ; Setting             ;
+-------------------+---------------------+
; Start date & time ; 10/09/2024 16:42:09 ;
; Main task         ; Compilation         ;
; Revision Name     ; CPU5A               ;
+-------------------+---------------------+


+--------------------------------------------------------------------------------------------------------------------------------------------------------------------------------------------+
; Flow Non-Default Global Settings                                                                                                                                                           ;
+---------------------------------------+----------------------------------------------------------------------------------------------------+--------------------+-------------+------------+
; Assignment Name                       ; Value                                                                                              ; Default Value      ; Entity Name ; Section Id ;
+---------------------------------------+----------------------------------------------------------------------------------------------------+--------------------+-------------+------------+
; AUTO_ENABLE_SMART_COMPILE             ; On                                                                                                 ; --                 ; --          ; --         ;
; COMPILER_SIGNATURE_ID                 ; 150937700130.172846332801944                                                                       ; --                 ; --          ; --         ;
; CRC_ERROR_OPEN_DRAIN                  ; Off                                                                                                ; On                 ; --          ; --         ;
; CYCLONEII_OPTIMIZATION_TECHNIQUE      ; Speed                                                                                              ; Balanced           ; --          ; --         ;
; ENABLE_SIGNALTAP                      ; Off                                                                                                ; --                 ; --          ; --         ;
; FITTER_EFFORT                         ; Standard Fit                                                                                       ; Auto Fit           ; --          ; --         ;
; IP_TOOL_NAME                          ; LPM_CONSTANT                                                                                       ; --                 ; --          ; --         ;
; IP_TOOL_NAME                          ; ALTPLL                                                                                             ; --                 ; --          ; --         ;
; IP_TOOL_NAME                          ; RAM: 1-PORT                                                                                        ; --                 ; --          ; --         ;
; IP_TOOL_NAME                          ; ROM: 1-PORT                                                                                        ; --                 ; --          ; --         ;
; IP_TOOL_NAME                          ; ROM: 1-PORT                                                                                        ; --                 ; --          ; --         ;
; IP_TOOL_NAME                          ; LPM_CONSTANT                                                                                       ; --                 ; --          ; --         ;
; IP_TOOL_NAME                          ; In-System Sources and Probes                                                                       ; --                 ; --          ; --         ;
; IP_TOOL_NAME                          ; LPM_COUNTER                                                                                        ; --                 ; --          ; --         ;
; IP_TOOL_NAME                          ; LPM_FF                                                                                             ; --                 ; --          ; --         ;
; IP_TOOL_NAME                          ; LPM_BUSTRI                                                                                         ; --                 ; --          ; --         ;
; IP_TOOL_NAME                          ; LPM_LATCH                                                                                          ; --                 ; --          ; --         ;
; IP_TOOL_NAME                          ; In-System Sources and Probes                                                                       ; --                 ; --          ; --         ;
; IP_TOOL_VERSION                       ; 9.0                                                                                                ; --                 ; --          ; --         ;
; IP_TOOL_VERSION                       ; 9.0                                                                                                ; --                 ; --          ; --         ;
; IP_TOOL_VERSION                       ; 9.0                                                                                                ; --                 ; --          ; --         ;
; IP_TOOL_VERSION                       ; 9.0                                                                                                ; --                 ; --          ; --         ;
; IP_TOOL_VERSION                       ; 9.0                                                                                                ; --                 ; --          ; --         ;
; IP_TOOL_VERSION                       ; 9.0                                                                                                ; --                 ; --          ; --         ;
; IP_TOOL_VERSION                       ; 9.0                                                                                                ; --                 ; --          ; --         ;
; IP_TOOL_VERSION                       ; 9.0                                                                                                ; --                 ; --          ; --         ;
; IP_TOOL_VERSION                       ; 9.0                                                                                                ; --                 ; --          ; --         ;
; IP_TOOL_VERSION                       ; 9.0                                                                                                ; --                 ; --          ; --         ;
; IP_TOOL_VERSION                       ; 9.0                                                                                                ; --                 ; --          ; --         ;
; IP_TOOL_VERSION                       ; 9.0                                                                                                ; --                 ; --          ; --         ;
; MAX_CORE_JUNCTION_TEMP                ; 85                                                                                                 ; --                 ; --          ; --         ;
; MIN_CORE_JUNCTION_TEMP                ; 0                                                                                                  ; --                 ; --          ; --         ;
; MISC_FILE                             ; CV.bsf                                                                                             ; --                 ; --          ; --         ;
; MISC_FILE                             ; CV.cmp                                                                                             ; --                 ; --          ; --         ;
; MISC_FILE                             ; PLL20.bsf                                                                                          ; --                 ; --          ; --         ;
; MISC_FILE                             ; PLL20.cmp                                                                                          ; --                 ; --          ; --         ;
; MISC_FILE                             ; PLL20.ppf                                                                                          ; --                 ; --          ; --         ;
; MISC_FILE                             ; RAM8.bsf                                                                                           ; --                 ; --          ; --         ;
; MISC_FILE                             ; RAM8_inst.v                                                                                        ; --                 ; --          ; --         ;
; MISC_FILE                             ; RAM8_bb.v                                                                                          ; --                 ; --          ; --         ;
; MISC_FILE                             ; RAM8.cmp                                                                                           ; --                 ; --          ; --         ;
; MISC_FILE                             ; uA_ROM.bsf                                                                                         ; --                 ; --          ; --         ;
; MISC_FILE                             ; uA_ROM.cmp                                                                                         ; --                 ; --          ; --         ;
; MISC_FILE                             ; uP_ROM.bsf                                                                                         ; --                 ; --          ; --         ;
; MISC_FILE                             ; uP_ROM.cmp                                                                                         ; --                 ; --          ; --         ;
; MISC_FILE                             ; CC.bsf                                                                                             ; --                 ; --          ; --         ;
; MISC_FILE                             ; CC_inst.v                                                                                          ; --                 ; --          ; --         ;
; MISC_FILE                             ; CC_bb.v                                                                                            ; --                 ; --          ; --         ;
; MISC_FILE                             ; CC.cmp                                                                                             ; --                 ; --          ; --         ;
; MISC_FILE                             ; JTAG_SP.bsf                                                                                        ; --                 ; --          ; --         ;
; MISC_FILE                             ; JTAG_SP_inst.v                                                                                     ; --                 ; --          ; --         ;
; MISC_FILE                             ; JTAG_SP_bb.v                                                                                       ; --                 ; --          ; --         ;
; MISC_FILE                             ; JTAG_SP.cmp                                                                                        ; --                 ; --          ; --         ;
; MISC_FILE                             ; CNT8B.bsf                                                                                          ; --                 ; --          ; --         ;
; MISC_FILE                             ; CNT8B_inst.v                                                                                       ; --                 ; --          ; --         ;
; MISC_FILE                             ; CNT8B_bb.v                                                                                         ; --                 ; --          ; --         ;
; MISC_FILE                             ; CNT8B.cmp                                                                                          ; --                 ; --          ; --         ;
; MISC_FILE                             ; DFF8B.bsf                                                                                          ; --                 ; --          ; --         ;
; MISC_FILE                             ; DFF8B_inst.v                                                                                       ; --                 ; --          ; --         ;
; MISC_FILE                             ; DFF8B_bb.v                                                                                         ; --                 ; --          ; --         ;
; MISC_FILE                             ; DFF8B.cmp                                                                                          ; --                 ; --          ; --         ;
; MISC_FILE                             ; BUSTRI.bsf                                                                                         ; --                 ; --          ; --         ;
; MISC_FILE                             ; BUSTRI_inst.v                                                                                      ; --                 ; --          ; --         ;
; MISC_FILE                             ; BUSTRI_bb.v                                                                                        ; --                 ; --          ; --         ;
; MISC_FILE                             ; BUSTRI.cmp                                                                                         ; --                 ; --          ; --         ;
; MISC_FILE                             ; LATCH8B.bsf                                                                                        ; --                 ; --          ; --         ;
; MISC_FILE                             ; LATCH8B_inst.v                                                                                     ; --                 ; --          ; --         ;
; MISC_FILE                             ; LATCH8B_bb.v                                                                                       ; --                 ; --          ; --         ;
; MISC_FILE                             ; LATCH8B.cmp                                                                                        ; --                 ; --          ; --         ;
; MISC_FILE                             ; cpu5.bsf                                                                                           ; --                 ; --          ; --         ;
; MISC_FILE                             ; cpu5_inst.vhd                                                                                      ; --                 ; --          ; --         ;
; MISC_FILE                             ; cpu5.inc                                                                                           ; --                 ; --          ; --         ;
; MISC_FILE                             ; cpu5.cmp                                                                                           ; --                 ; --          ; --         ;
; MISC_FILE                             ; E:/xian_Electronics_Department/xian_Electronics_Department/CH5_Expt/CH5_Expt/DEMO51_CPU5/CPU5A.dpf ; --                 ; --          ; --         ;
; MISC_FILE                             ; C:/组成原理/CH5_Expt/DEMO51_CPU5/CPU5A.dpf                                                         ; --                 ; --          ; --         ;
; NOMINAL_CORE_SUPPLY_VOLTAGE           ; 1.2V                                                                                               ; --                 ; --          ; --         ;
; OPTIMIZE_POWER_DURING_SYNTHESIS       ; Extra effort                                                                                       ; Normal compilation ; --          ; --         ;
; PARTITION_COLOR                       ; 16764057                                                                                           ; --                 ; --          ; Top        ;
; PARTITION_NETLIST_TYPE                ; SOURCE                                                                                             ; --                 ; --          ; Top        ;
; SYNCHRONIZATION_REGISTER_CHAIN_LENGTH ; 2                                                                                                  ; 3                  ; --          ; --         ;
; SYNTH_TIMING_DRIVEN_SYNTHESIS         ; Off                                                                                                ; On                 ; --          ; --         ;
; USE_SIGNALTAP_FILE                    ; stp1.stp                                                                                           ; --                 ; --          ; --         ;
+---------------------------------------+----------------------------------------------------------------------------------------------------+--------------------+-------------+------------+


+-------------------------------------------------------------------------------------------------------------------------------+
; Flow Elapsed Time                                                                                                             ;
+---------------------------+--------------+-------------------------+---------------------+------------------------------------+
; Module Name               ; Elapsed Time ; Average Processors Used ; Peak Virtual Memory ; Total CPU Time (on all processors) ;
+---------------------------+--------------+-------------------------+---------------------+------------------------------------+
; Analysis & Synthesis      ; 00:00:06     ; 1.0                     ; 231 MB              ; 00:00:06                           ;
; Fitter                    ; 00:00:12     ; 2.3                     ; 385 MB              ; 00:00:14                           ;
; Assembler                 ; 00:00:03     ; 1.0                     ; 256 MB              ; 00:00:03                           ;
; TimeQuest Timing Analyzer ; 00:00:02     ; 1.0                     ; 257 MB              ; 00:00:02                           ;
; Total                     ; 00:00:23     ; --                      ; --                  ; 00:00:25                           ;
+---------------------------+--------------+-------------------------+---------------------+------------------------------------+


+--------------------------------------------------------------------------------------------+
; Flow OS Summary                                                                            ;
+---------------------------+------------------+---------------+------------+----------------+
; Module Name               ; Machine Hostname ; OS Name       ; OS Version ; Processor type ;
+---------------------------+------------------+---------------+------------+----------------+
; Analysis & Synthesis      ; computer         ; Windows Vista ; 6.1        ; i686           ;
; Fitter                    ; computer         ; Windows Vista ; 6.1        ; i686           ;
; Assembler                 ; computer         ; Windows Vista ; 6.1        ; i686           ;
; TimeQuest Timing Analyzer ; computer         ; Windows Vista ; 6.1        ; i686           ;
+---------------------------+------------------+---------------+------------+----------------+


------------
; Flow Log ;
------------
quartus_map --read_settings_files=on --write_settings_files=off CPU5A -c CPU5A
quartus_fit --read_settings_files=off --write_settings_files=off CPU5A -c CPU5A
quartus_asm --read_settings_files=off --write_settings_files=off CPU5A -c CPU5A
quartus_sta CPU5A -c CPU5A



