Turbo Assembler	 Version 4.1	    24/12/01 17:19:42	    Page 1
D:\wsx_wj\shiyan_2\shiyan_2.asm



      1	0000			     _STACK SEGMENT PARA STACK'_STACK'
      2	0000  80*(00)				DB 128 DUP(0)
      3	0080			     _STACK ENDS
      4
      5
      6
      7	0000			     DATA SEGMENT
      8	0000  49 6E 70 75 74 20	61+	 hello	  DB 'Input a number or	an instruction!!Q OR q:	EXIT,s:SEARCH',0AH,0DH,'$'
      9	      20 6E 75 6D 62 65	72+
     10	      20 6F 72 20 61 6E	20+
     11	      69 6E 73 74 72 75	63+
     12	      74 69 6F 6E 21 21	51+
     13	      20 4F 52 20 71 3A	20+
     14	      45 58 49 54 2C 73	3A+
     15	      53 45 41 52 43 48	0A+
     16	      0D 24
     17	003A  0A 0D 57 72 6F 6E	67+	 wrong	  DB 0AH,0DH,'Wrong Input(only numbers!)',0AH,0DH,'$'
     18	      20 49 6E 70 75 74	28+
     19	      6F 6E 6C 79 20 6E	75+
     20	      6D 62 65 72 73 21	29+
     21	      0A 0D 24
     22	0059  0A 0D 42 69 6E 61	72+	 endofhex DB 0AH,0DH,'Binary:',0AH,0DH,'$'
     23	      79 3A 0A 0D 24
     24	0065  0A 0D 46 69 6E 69	73+	 finish	  DB 0AH,0DH,'Finished',0AH,0DH,'$'
     25	      68 65 64 0A 0D 24
     26	0072  0A 0D 53 65 61 72	63+	 hello2	  DB 0AH,0DH,'Search number inyour string. Space to end	input',0AH,0DH,'Input	    +
     27	      68 20 6E 75 6D 62	65+  string:',0AH,0DH,'$'
     28	      72 20 69 6E 79 6F	75+
     29	      72 20 73 74 72 69	6E+
     30	      67 2E 20 53 70 61	63+
     31	      65 20 74 6F 20 65	6E+
     32	      64 20 69 6E 70 75	74+
     33	      0A 0D 49 6E 70 75	74+
     34	      20 73 74 72 69 6E	67+
     35	      3A 0A 0D 24
     36	00B5  0A 0D 46 49 4E 49	53+	 finish2  DB 0AH,0DH,'FINISHED!!!',0AH,0DH,'THERE ARE ','$'
     37	      48 45 44 21 21 21	0A+
     38	      0D 54 48 45 52 45	20+
     39	      41 52 45 20 24
     40	00CF  20 6E 75 6D 62 65	72+	 finish3  DB ' numbers',0AH,0DH,'$'
     41	      73 0A 0D 24
     42	00DA  05*(00)			 got	  DB 5 DUP(0)
     43	00DF  0A 0D 24			 huanhang DB 0AH,0DH,'$'
     44	00E2			     DATA ENDS
     45
     46	0000			     CODE SEGMENT
     47							   assume cs:CODE,ds:DATA,ss:_STACK
     48	0000				 START:
     49	0000				 beginofread:
     50	0000  B8 0000s					   mov	  ax,DATA
     51	0003  8E D8					   mov	  ds,ax
     52	0005  BA 0000r					   mov	  dx,offset hello
     53	0008  B4 09					   mov	  ah,09H
     54	000A  CD 21					   int	  21H
     55	000C  BB 0000					   mov	  bx,0H
     56	000F  BF 00DAr					   mov	  di,offset got
     57	0012  B9 0000					   mov	  cx,0H
Turbo Assembler	 Version 4.1	    24/12/01 17:19:42	    Page 2
D:\wsx_wj\shiyan_2\shiyan_2.asm



     58	0015				 readchar:
     59	0015  B4 01					   mov	  ah,01H
     60	0017  B0 00					   mov	  al,00h
     61	0019  CD 21					   int	  21H
     62	001B  83 FB 00					   cmp	  bx,0H
     63	001E  75 0C					   jne	  notfirst
     64	0020  3C 51					   cmp	  al,'Q'
     65	0022  74 56					   je	  exit
     66	0024  3C 71					   cmp	  al,'q'
     67	0026  74 52					   je	  exit
     68	0028  3C 73					   cmp	  al,'s'
     69	002A  74 35					   je	  next
     70	002C				 notfirst:
     71	002C  BB 0001					   mov	  bx,01H
     72	002F  E8 0060					   call	  legalcheck
     73	0032  83 FB 02					   cmp	  bx,02H
     74	0035  74 C9					   je	  beginofread
     75	0037  83 FB 04					   cmp	  bx,04H
     76	003A  74 09					   je	  endofinput
     77	003C  EB 01 90					   jmp	  loadinmemory
     78	003F				 loadinmemory:
     79	003F  88 05					   mov	  [di],al
     80	0041  41					   inc	  cx
     81	0042  47					   inc	  di
     82	0043  EB D0					   jmp	  readchar
     83	0045				 endofinput:
     84	0045  BA 0000					   mov	  dx,0H
     85	0048  BF 00DAr					   mov	  di,offset got
     86	004B				 beginofhandle:
     87	004B  BB 0000					   mov	  bx,0H
     88	004E  8A 1D					   mov	  bl,[di]
     89	0050  83 EB 30					   sub	  bx,30H
     90	0053  03 D3					   add	  dx,bx
     91	0055  83 F9 01					   cmp	  cx,1H
     92	0058  74 0A					   je	  endofhandle
     93	005A  E8 005B					   call	  mulAHdxtodx
     94	005D  49					   dec	  cx
     95	005E  47					   inc	  di
     96	005F  EB EA					   jmp	  beginofhandle
     97	0061				 next:
     98	0061  EB 66 90					   jmp	  counterofnumber
     99	0064				 endofhandle:
    100	0064  E8 0002					   call	  binaryoutput
    101	0067  EB 97					   jmp	  beginofread
    102	0069				 binaryoutput:
    103	0069  8B DA					   mov	  bx,dx
    104	006B  BA 0000					   mov	  dx,0H
    105	006E  B9 0010					   mov	  cx,10H
    106	0071				 beginofoutputloop:
    107	0071  D1 E3					   shl	  bx,1
    108	0073  73 09					   jnc	  out0
    109	0075  B2 31					   mov	  dl,'1'
    110	0077  EB 07 90					   jmp	  outputdl
    111	007A				 exit:
    112	007A  B4 4C					   mov	  ah,4CH
    113	007C  CD 21					   int	  21H
    114	007E				 out0:
Turbo Assembler	 Version 4.1	    24/12/01 17:19:42	    Page 3
D:\wsx_wj\shiyan_2\shiyan_2.asm



    115	007E  B2 30					   mov	  dl,'0'
    116	0080				 outputdl:
    117	0080  B4 02					   mov	  ah,02H
    118	0082  CD 21					   int	  21H
    119	0084  49					   dec	  cx
    120	0085  83 F9 00					   cmp	  cx,0H
    121	0088  75 E7					   jne	  beginofoutputloop
    122	008A  BA 0065r					   mov	  dx,offset finish
    123	008D  B4 09					   mov	  ah,09H
    124	008F  CD 21					   int	  21H
    125	0091  C3					   ret
    126	0092				 legalcheck:
    127	0092  3C 00					   cmp	  al,00H
    128	0094  74 0C					   je	  endlegalnextline
    129	0096  3C 30					   cmp	  al,30H
    130	0098  72 13					   jb	  endlegalfalse
    131	009A  3C 39					   cmp	  al,39H
    132	009C  77 0F					   ja	  endlegalfalse
    133	009E				 endlegaltrue:
    134	009E  BB 0003					   mov	  bx,03H
    135	00A1  C3					   ret
    136	00A2				 endlegalnextline:
    137	00A2  BB 0004					   mov	  bx,04H
    138	00A5  BA 00DFr					   mov	  dx,offset huanhang
    139	00A8  B4 09					   mov	  ah,09h
    140	00AA  CD 21					   int	  21h
    141	00AC  C3					   ret
    142	00AD				 endlegalfalse:
    143	00AD  BA 003Ar					   mov	  dx,offset wrong
    144	00B0  B4 09					   mov	  ah,09H
    145	00B2  CD 21					   int	  21H
    146	00B4  BB 0002					   mov	  bx,02H
    147	00B7  C3					   ret
    148	00B8				 mulAHdxtodx:
    149	00B8  BB 0000					   mov	  bx,0H
    150	00BB  B8 0000					   mov	  ax,0H
    151	00BE				 loopofmul:
    152	00BE  03 C2					   add	  ax,dx
    153	00C0  43					   inc	  bx
    154	00C1  83 FB 0A					   cmp	  bx,0AH
    155	00C4  72 F8					   jb	  loopofmul
    156	00C6  8B D0					   mov	  dx,ax
    157	00C8  C3					   ret
    158	00C9				 counterofnumber:
    159	00C9  BA 0072r					   mov	  dx,offset hello2
    160	00CC  B4 09					   mov	  ah,09H
    161	00CE  CD 21					   int	  21H
    162	00D0  B9 0000					   mov	  cx,0H
    163	00D3				 beginofcount:
    164	00D3  B4 01					   mov	  ah,01H
    165	00D5  B0 00					   mov	  al,00h
    166	00D7  CD 21					   int	  21H
    167	00D9  3C 20					   cmp	  al,20H
    168	00DB  74 0D					   je	  endofcount
    169	00DD  3C 30					   cmp	  al,30H
    170	00DF  72 07					   jb	  notnum
    171	00E1  3C 39					   cmp	  al,39H
Turbo Assembler	 Version 4.1	    24/12/01 17:19:42	    Page 4
D:\wsx_wj\shiyan_2\shiyan_2.asm



    172	00E3  77 03					   ja	  notnum
    173	00E5				 isnum:
    174	00E5  41					   inc	  cx
    175	00E6  EB EB					   jmp	  beginofcount
    176	00E8				 notnum:
    177	00E8  EB E9					   jmp	  beginofcount
    178	00EA				 endofcount:
    179	00EA  83 C1 30					   add	  cx,30H
    180	00ED  BA 00B5r					   mov	  dx,offset finish2
    181	00F0  B4 09					   mov	  ah,09H
    182	00F2  CD 21					   int	  21H
    183	00F4  BA 0000					   mov	  dx,0H
    184	00F7  8A D1					   mov	  dl,cl
    185	00F9  B4 02					   mov	  ah,02H
    186	00FB  CD 21					   int	  21H
    187	00FD  BA 00CFr					   mov	  dx,offset finish3
    188	0100  B4 09					   mov	  ah,09H
    189	0102  CD 21					   int	  21H
    190	0104  E9 FEF9					   jmp	  beginofread
    191	0107			     CODE ENDS
    192				     END START
Turbo Assembler	 Version 4.1	    24/12/01 17:19:42	    Page 5
Symbol Table




Symbol Name			  Type	 Value

??DATE				  Text	 "24/12/01"
??FILENAME			  Text	 "shiyan_2"
??TIME				  Text	 "17:19:42"
??VERSION			  Number 040A
@CPU				  Text	 0101H
@CURSEG				  Text	 CODE
@FILENAME			  Text	 SHIYAN_2
@WORDSIZE			  Text	 2
BEGINOFCOUNT			  Near	 CODE:00D3
BEGINOFHANDLE			  Near	 CODE:004B
BEGINOFOUTPUTLOOP		  Near	 CODE:0071
BEGINOFREAD			  Near	 CODE:0000
BINARYOUTPUT			  Near	 CODE:0069
COUNTEROFNUMBER			  Near	 CODE:00C9
ENDLEGALFALSE			  Near	 CODE:00AD
ENDLEGALNEXTLINE		  Near	 CODE:00A2
ENDLEGALTRUE			  Near	 CODE:009E
ENDOFCOUNT			  Near	 CODE:00EA
ENDOFHANDLE			  Near	 CODE:0064
ENDOFHEX			  Byte	 DATA:0059
ENDOFINPUT			  Near	 CODE:0045
EXIT				  Near	 CODE:007A
FINISH				  Byte	 DATA:0065
FINISH2				  Byte	 DATA:00B5
FINISH3				  Byte	 DATA:00CF
GOT				  Byte	 DATA:00DA
HELLO				  Byte	 DATA:0000
HELLO2				  Byte	 DATA:0072
HUANHANG			  Byte	 DATA:00DF
ISNUM				  Near	 CODE:00E5
LEGALCHECK			  Near	 CODE:0092
LOADINMEMORY			  Near	 CODE:003F
LOOPOFMUL			  Near	 CODE:00BE
MULAHDXTODX			  Near	 CODE:00B8
NEXT				  Near	 CODE:0061
NOTFIRST			  Near	 CODE:002C
NOTNUM				  Near	 CODE:00E8
OUT0				  Near	 CODE:007E
OUTPUTDL			  Near	 CODE:0080
READCHAR			  Near	 CODE:0015
START				  Near	 CODE:0000
WRONG				  Byte	 DATA:003A

Groups & Segments		  Bit Size Align  Combine Class

CODE				  16  0107 Para	  none
DATA				  16  00E2 Para	  none
_STACK				  16  0080 Para	  Stack	  _STACK
